Flow report for cnn
Fri Feb 17 23:48:16 2023
Quartus Prime Version 18.0.0 Build 614 04/24/2018 SJ Standard Edition


---------------------
; Table of Contents ;
---------------------
  1. Legal Notice
  2. Flow Summary
  3. Flow Settings
  4. Flow Non-Default Global Settings
  5. Flow Elapsed Time
  6. Flow OS Summary
  7. Flow Log
  8. Flow Messages
  9. Flow Suppressed Messages



----------------
; Legal Notice ;
----------------
Copyright (C) 2018  Intel Corporation. All rights reserved.
Your use of Intel Corporation's design tools, logic functions 
and other software and tools, and its AMPP partner logic 
functions, and any output files from any of the foregoing 
(including device programming or simulation files), and any 
associated documentation or information are expressly subject 
to the terms and conditions of the Intel Program License 
Subscription Agreement, the Intel Quartus Prime License Agreement,
the Intel FPGA IP License Agreement, or other applicable license
agreement, including, without limitation, that your use is for
the sole purpose of programming logic devices manufactured by
Intel and sold by Intel or its authorized distributors.  Please
refer to the applicable agreement for further details.



+--------------------------------------------------------------------------------------+
; Flow Summary                                                                         ;
+------------------------------------+-------------------------------------------------+
; Flow Status                        ; Successful - Fri Feb 17 23:48:16 2023           ;
; Quartus Prime Version              ; 18.0.0 Build 614 04/24/2018 SJ Standard Edition ;
; Revision Name                      ; cnn                                             ;
; Top-level Entity Name              ; top                                             ;
; Family                             ; Cyclone IV E                                    ;
; Device                             ; EP4CE10F17C8                                    ;
; Timing Models                      ; Final                                           ;
; Total logic elements               ; 7,962 / 10,320 ( 77 % )                         ;
;     Total combinational functions  ; 6,825 / 10,320 ( 66 % )                         ;
;     Dedicated logic registers      ; 3,553 / 10,320 ( 34 % )                         ;
; Total registers                    ; 3553                                            ;
; Total pins                         ; 92 / 180 ( 51 % )                               ;
; Total virtual pins                 ; 0                                               ;
; Total memory bits                  ; 116,320 / 423,936 ( 27 % )                      ;
; Embedded Multiplier 9-bit elements ; 6 / 46 ( 13 % )                                 ;
; Total PLLs                         ; 1 / 2 ( 50 % )                                  ;
+------------------------------------+-------------------------------------------------+


+-----------------------------------------+
; Flow Settings                           ;
+-------------------+---------------------+
; Option            ; Setting             ;
+-------------------+---------------------+
; Start date & time ; 02/17/2023 23:45:55 ;
; Main task         ; Compilation         ;
; Revision Name     ; cnn                 ;
+-------------------+---------------------+


+------------------------------------------------------------------------------------------------------------------------------+
; Flow Non-Default Global Settings                                                                                             ;
+--------------------------------------+----------------------------------------+---------------+-------------+----------------+
; Assignment Name                      ; Value                                  ; Default Value ; Entity Name ; Section Id     ;
+--------------------------------------+----------------------------------------+---------------+-------------+----------------+
; COMPILER_SIGNATURE_ID                ; 186425236437.167664875402152           ; --            ; --          ; --             ;
; EDA_DESIGN_INSTANCE_NAME             ; i1                                     ; --            ; --          ; --             ;
; EDA_DESIGN_INSTANCE_NAME             ; i1                                     ; --            ; --          ; top_control    ;
; EDA_DESIGN_INSTANCE_NAME             ; i1                                     ; --            ; --          ; wr_control     ;
; EDA_DESIGN_INSTANCE_NAME             ; i1                                     ; --            ; --          ; rom_weight     ;
; EDA_DESIGN_INSTANCE_NAME             ; i1                                     ; --            ; --          ; rd_control     ;
; EDA_DESIGN_INSTANCE_NAME             ; i1                                     ; --            ; --          ; gray_in        ;
; EDA_DESIGN_INSTANCE_NAME             ; i1                                     ; --            ; --          ; ram_pixel      ;
; EDA_ENABLE_GLITCH_FILTERING          ; On                                     ; --            ; --          ; eda_simulation ;
; EDA_MAP_ILLEGAL_CHARACTERS           ; Off                                    ; --            ; --          ; eda_simulation ;
; EDA_NATIVELINK_SIMULATION_TEST_BENCH ; ram_pixel                              ; --            ; --          ; eda_simulation ;
; EDA_OUTPUT_DATA_FORMAT               ; Vhdl                                   ; --            ; --          ; eda_simulation ;
; EDA_SIMULATION_TOOL                  ; ModelSim-Altera (VHDL)                 ; <None>        ; --          ; --             ;
; EDA_TEST_BENCH_ENABLE_STATUS         ; TEST_BENCH_MODE                        ; --            ; --          ; eda_simulation ;
; EDA_TEST_BENCH_FILE                  ; simulation/modelsim/cnn.vht            ; --            ; --          ; --             ;
; EDA_TEST_BENCH_FILE                  ; simulation/modelsim/top_control.vht    ; --            ; --          ; top_control    ;
; EDA_TEST_BENCH_FILE                  ; simulation/modelsim/wr_control.vht     ; --            ; --          ; wr_control     ;
; EDA_TEST_BENCH_FILE                  ; simulation/modelsim/rom_weight.vht     ; --            ; --          ; rom_weight     ;
; EDA_TEST_BENCH_FILE                  ; simulation/modelsim/rd_control.vht     ; --            ; --          ; rd_control     ;
; EDA_TEST_BENCH_FILE                  ; simulation/modelsim/gray_in.vht        ; --            ; --          ; gray_in        ;
; EDA_TEST_BENCH_FILE                  ; simulation/modelsim/ram_pixel.vht      ; --            ; --          ; ram_pixel      ;
; EDA_TEST_BENCH_MODULE_NAME           ; cnn_vhd_tst                            ; --            ; --          ; --             ;
; EDA_TEST_BENCH_MODULE_NAME           ; top_control_vhd_tst                    ; --            ; --          ; top_control    ;
; EDA_TEST_BENCH_MODULE_NAME           ; wr_control_vhd_tst                     ; --            ; --          ; wr_control     ;
; EDA_TEST_BENCH_MODULE_NAME           ; rom_weight_vhd_tst                     ; --            ; --          ; rom_weight     ;
; EDA_TEST_BENCH_MODULE_NAME           ; rd_control_vhd_tst                     ; --            ; --          ; rd_control     ;
; EDA_TEST_BENCH_MODULE_NAME           ; gray_in_vhd_tst                        ; --            ; --          ; gray_in        ;
; EDA_TEST_BENCH_MODULE_NAME           ; ram_pixel_vhd_tst                      ; --            ; --          ; ram_pixel      ;
; EDA_TEST_BENCH_NAME                  ; cnn                                    ; --            ; --          ; eda_simulation ;
; EDA_TEST_BENCH_NAME                  ; rom_weight                             ; --            ; --          ; eda_simulation ;
; EDA_TEST_BENCH_NAME                  ; top_control                            ; --            ; --          ; eda_simulation ;
; EDA_TEST_BENCH_NAME                  ; rd_control                             ; --            ; --          ; eda_simulation ;
; EDA_TEST_BENCH_NAME                  ; wr_control                             ; --            ; --          ; eda_simulation ;
; EDA_TEST_BENCH_NAME                  ; gray_in                                ; --            ; --          ; eda_simulation ;
; EDA_TEST_BENCH_NAME                  ; ram_pixel                              ; --            ; --          ; eda_simulation ;
; EDA_TEST_BENCH_RUN_SIM_FOR           ; 2 ms                                   ; --            ; --          ; --             ;
; EDA_TEST_BENCH_RUN_SIM_FOR           ; 100000 ns                              ; --            ; --          ; top_control    ;
; EDA_TEST_BENCH_RUN_SIM_FOR           ; 200000 ns                              ; --            ; --          ; wr_control     ;
; EDA_TEST_BENCH_RUN_SIM_FOR           ; 10000 ns                               ; --            ; --          ; rom_weight     ;
; EDA_TEST_BENCH_RUN_SIM_FOR           ; 100000 ns                              ; --            ; --          ; rd_control     ;
; EDA_TEST_BENCH_RUN_SIM_FOR           ; 12000 ns                               ; --            ; --          ; gray_in        ;
; EDA_TEST_BENCH_RUN_SIM_FOR           ; 100000 ns                              ; --            ; --          ; ram_pixel      ;
; EDA_TIME_SCALE                       ; 1 ps                                   ; --            ; --          ; eda_simulation ;
; MAX_CORE_JUNCTION_TEMP               ; 85                                     ; --            ; --          ; --             ;
; MIN_CORE_JUNCTION_TEMP               ; 0                                      ; --            ; --          ; --             ;
; MISC_FILE                            ; ram_input_inst.vhd                     ; --            ; --          ; --             ;
; MISC_FILE                            ; ram_input.cmp                          ; --            ; --          ; --             ;
; MISC_FILE                            ; ram_input_b.cmp                        ; --            ; --          ; --             ;
; MISC_FILE                            ; ram_input_c_inst.vhd                   ; --            ; --          ; --             ;
; MISC_FILE                            ; ram_input_c.cmp                        ; --            ; --          ; --             ;
; MISC_FILE                            ; ram_input_d_inst.vhd                   ; --            ; --          ; --             ;
; MISC_FILE                            ; ram_input_d.cmp                        ; --            ; --          ; --             ;
; MISC_FILE                            ; ram_output1_inst.vhd                   ; --            ; --          ; --             ;
; MISC_FILE                            ; ram_output1.cmp                        ; --            ; --          ; --             ;
; MISC_FILE                            ; ram_output1_b_inst.vhd                 ; --            ; --          ; --             ;
; MISC_FILE                            ; ram_output1_b.cmp                      ; --            ; --          ; --             ;
; MISC_FILE                            ; ram_output1_c_inst.vhd                 ; --            ; --          ; --             ;
; MISC_FILE                            ; ram_output1_c.cmp                      ; --            ; --          ; --             ;
; MISC_FILE                            ; ram_output1_d_inst.vhd                 ; --            ; --          ; --             ;
; MISC_FILE                            ; ram_output1_d.cmp                      ; --            ; --          ; --             ;
; MISC_FILE                            ; ram_output2_inst.vhd                   ; --            ; --          ; --             ;
; MISC_FILE                            ; ram_output2.cmp                        ; --            ; --          ; --             ;
; MISC_FILE                            ; ram_output2_b_inst.vhd                 ; --            ; --          ; --             ;
; MISC_FILE                            ; ram_output2_b.cmp                      ; --            ; --          ; --             ;
; MISC_FILE                            ; ram_output2_c_inst.vhd                 ; --            ; --          ; --             ;
; MISC_FILE                            ; ram_output2_c.cmp                      ; --            ; --          ; --             ;
; MISC_FILE                            ; ram_output2_d_inst.vhd                 ; --            ; --          ; --             ;
; MISC_FILE                            ; ram_output2_d.cmp                      ; --            ; --          ; --             ;
; MISC_FILE                            ; rom_read_inst.vhd                      ; --            ; --          ; --             ;
; MISC_FILE                            ; rom_read.cmp                           ; --            ; --          ; --             ;
; MISC_FILE                            ; pll_clk_inst.vhd                       ; --            ; --          ; --             ;
; MISC_FILE                            ; pll_clk.cmp                            ; --            ; --          ; --             ;
; MISC_FILE                            ; pll_clk.ppf                            ; --            ; --          ; --             ;
; OUTPUT_IO_TIMING_FAR_END_VMEAS       ; Half Signal Swing                      ; --            ; --          ; --             ;
; OUTPUT_IO_TIMING_FAR_END_VMEAS       ; Half Signal Swing                      ; --            ; --          ; --             ;
; OUTPUT_IO_TIMING_NEAR_END_VMEAS      ; Half Vccio                             ; --            ; --          ; --             ;
; OUTPUT_IO_TIMING_NEAR_END_VMEAS      ; Half Vccio                             ; --            ; --          ; --             ;
; PARTITION_COLOR                      ; -- (Not supported for targeted family) ; --            ; top         ; Top            ;
; PARTITION_FITTER_PRESERVATION_LEVEL  ; -- (Not supported for targeted family) ; --            ; top         ; Top            ;
; PARTITION_NETLIST_TYPE               ; -- (Not supported for targeted family) ; --            ; top         ; Top            ;
; POWER_BOARD_THERMAL_MODEL            ; None (CONSERVATIVE)                    ; --            ; --          ; --             ;
; POWER_PRESET_COOLING_SOLUTION        ; 23 MM HEAT SINK WITH 200 LFPM AIRFLOW  ; --            ; --          ; --             ;
; PROJECT_OUTPUT_DIRECTORY             ; output_files                           ; --            ; --          ; --             ;
; TOP_LEVEL_ENTITY                     ; top                                    ; cnn           ; --          ; --             ;
+--------------------------------------+----------------------------------------+---------------+-------------+----------------+


+--------------------------------------------------------------------------------------------------------------------------+
; Flow Elapsed Time                                                                                                        ;
+----------------------+--------------+-------------------------+---------------------+------------------------------------+
; Module Name          ; Elapsed Time ; Average Processors Used ; Peak Virtual Memory ; Total CPU Time (on all processors) ;
+----------------------+--------------+-------------------------+---------------------+------------------------------------+
; Analysis & Synthesis ; 00:01:05     ; 1.0                     ; 4935 MB             ; 00:01:16                           ;
; Fitter               ; 00:00:47     ; 1.1                     ; 5719 MB             ; 00:01:17                           ;
; Assembler            ; 00:00:01     ; 1.0                     ; 4697 MB             ; 00:00:02                           ;
; Timing Analyzer      ; 00:00:09     ; 1.4                     ; 4846 MB             ; 00:00:10                           ;
; EDA Netlist Writer   ; 00:00:12     ; 1.0                     ; 4734 MB             ; 00:00:12                           ;
; Total                ; 00:02:14     ; --                      ; --                  ; 00:02:57                           ;
+----------------------+--------------+-------------------------+---------------------+------------------------------------+


+------------------------------------------------------------------------------------+
; Flow OS Summary                                                                    ;
+----------------------+------------------+------------+------------+----------------+
; Module Name          ; Machine Hostname ; OS Name    ; OS Version ; Processor type ;
+----------------------+------------------+------------+------------+----------------+
; Analysis & Synthesis ; LAPTOP-A8RN6QGT  ; Windows 10 ; 10.0       ; x86_64         ;
; Fitter               ; LAPTOP-A8RN6QGT  ; Windows 10 ; 10.0       ; x86_64         ;
; Assembler            ; LAPTOP-A8RN6QGT  ; Windows 10 ; 10.0       ; x86_64         ;
; Timing Analyzer      ; LAPTOP-A8RN6QGT  ; Windows 10 ; 10.0       ; x86_64         ;
; EDA Netlist Writer   ; LAPTOP-A8RN6QGT  ; Windows 10 ; 10.0       ; x86_64         ;
+----------------------+------------------+------------+------------+----------------+


------------
; Flow Log ;
------------
quartus_map --read_settings_files=on --write_settings_files=off cnn -c cnn
quartus_fit --read_settings_files=off --write_settings_files=off cnn -c cnn
quartus_asm --read_settings_files=off --write_settings_files=off cnn -c cnn
quartus_sta cnn -c cnn
quartus_eda --read_settings_files=off --write_settings_files=off cnn -c cnn



